INFO 2025-09-25 03:38:54,602 views 68307 139625696593472 [CAMPAIGN DEBUG] Attempting to pause campaign 1 'testing campaigne'
INFO 2025-09-25 03:38:54,602 views 68307 139625696593472 [CAMPAIGN DEBUG] Current status: running
INFO 2025-09-25 03:38:54,608 views 68307 139625696593472 [CAMPAIGN DEBUG] Status changed: running -> paused
WARNING 2025-09-25 03:38:54,608 views 68307 139625696593472 [CAMPAIGN DEBUG] Campaign paused but NO CELERY TASK PAUSING IMPLEMENTED YET!
INFO 2025-09-25 03:38:54,627 views 68307 139625696593472 [CAMPAIGN DEBUG] Viewing campaign 1 'testing campaigne' - Status: paused
INFO 2025-09-25 03:38:54,628 views 68307 139625696593472 [CAMPAIGN DEBUG] Total targets in view: 3
INFO 2025-09-25 03:38:54,630 views 68307 139625696593472 [CAMPAIGN DEBUG] Status 'queued': 3 targets
INFO 2025-09-25 03:38:54,634 views 68307 139625696593472 [CAMPAIGN DEBUG] Campaign uses 1 templates
INFO 2025-09-25 03:38:54,634 views 68307 139625696593472 [CAMPAIGN DEBUG] Progress: 0/3 = 0.0%
INFO 2025-09-25 03:38:58,996 views 68307 139625696593472 Starting campaign 1 'testing campaigne' - Status: paused
INFO 2025-09-25 03:38:58,998 views 68307 139625696593472 Campaign has 3 total targets, 3 queued
INFO 2025-09-25 03:38:59,003 views 68307 139625696593472 Campaign status: paused → running
ERROR 2025-09-25 03:38:59,025 views 68307 139625696593472 Failed to start Celery task: 'NoneType' object has no attribute 'Redis'
INFO 2025-09-25 03:38:59,046 views 68307 139625696593472 [CAMPAIGN DEBUG] Viewing campaign 1 'testing campaigne' - Status: running
INFO 2025-09-25 03:38:59,047 views 68307 139625696593472 [CAMPAIGN DEBUG] Total targets in view: 3
INFO 2025-09-25 03:38:59,048 views 68307 139625696593472 [CAMPAIGN DEBUG] Status 'queued': 3 targets
INFO 2025-09-25 03:38:59,052 views 68307 139625696593472 [CAMPAIGN DEBUG] Campaign uses 1 templates
INFO 2025-09-25 03:38:59,052 views 68307 139625696593472 [CAMPAIGN DEBUG] Progress: 0/3 = 0.0%
INFO 2025-09-25 03:44:06,434 views 70884 140710836983360 [CAMPAIGN DEBUG] Attempting to pause campaign 1 'testing campaigne'
INFO 2025-09-25 03:44:06,434 views 70884 140710836983360 [CAMPAIGN DEBUG] Current status: running
INFO 2025-09-25 03:44:06,439 views 70884 140710836983360 [CAMPAIGN DEBUG] Status changed: running -> paused
WARNING 2025-09-25 03:44:06,439 views 70884 140710836983360 [CAMPAIGN DEBUG] Campaign paused but NO CELERY TASK PAUSING IMPLEMENTED YET!
INFO 2025-09-25 03:44:06,465 views 70884 140710836983360 [CAMPAIGN DEBUG] Viewing campaign 1 'testing campaigne' - Status: paused
INFO 2025-09-25 03:44:06,466 views 70884 140710836983360 [CAMPAIGN DEBUG] Total targets in view: 3
INFO 2025-09-25 03:44:06,467 views 70884 140710836983360 [CAMPAIGN DEBUG] Status 'queued': 3 targets
INFO 2025-09-25 03:44:06,472 views 70884 140710836983360 [CAMPAIGN DEBUG] Campaign uses 1 templates
INFO 2025-09-25 03:44:06,472 views 70884 140710836983360 [CAMPAIGN DEBUG] Progress: 0/3 = 0.0%
INFO 2025-09-25 03:44:15,565 views 70884 140710836983360 Starting campaign 1 'testing campaigne' - Status: paused
INFO 2025-09-25 03:44:15,567 views 70884 140710836983360 Campaign has 3 total targets, 3 queued
INFO 2025-09-25 03:44:15,571 views 70884 140710836983360 Campaign status: paused → running
INFO 2025-09-25 03:44:15,607 views 70884 140710836983360 Celery task started: ef894b53-43f7-41a2-b811-9f00db9eb910
INFO 2025-09-25 03:44:15,634 views 70884 140710836983360 [CAMPAIGN DEBUG] Viewing campaign 1 'testing campaigne' - Status: running
INFO 2025-09-25 03:44:15,635 views 70884 140710836983360 [CAMPAIGN DEBUG] Total targets in view: 3
INFO 2025-09-25 03:44:15,636 views 70884 140710836983360 [CAMPAIGN DEBUG] Status 'queued': 3 targets
INFO 2025-09-25 03:44:15,641 views 70884 140710836983360 [CAMPAIGN DEBUG] Campaign uses 1 templates
INFO 2025-09-25 03:44:15,641 views 70884 140710836983360 [CAMPAIGN DEBUG] Progress: 0/3 = 0.0%
INFO 2025-09-25 03:44:28,757 views 70884 140710836983360 [CAMPAIGN DEBUG] Viewing campaign 1 'testing campaigne' - Status: running
INFO 2025-09-25 03:44:28,758 views 70884 140710836983360 [CAMPAIGN DEBUG] Total targets in view: 3
INFO 2025-09-25 03:44:28,759 views 70884 140710836983360 [CAMPAIGN DEBUG] Status 'queued': 3 targets
INFO 2025-09-25 03:44:28,763 views 70884 140710836983360 [CAMPAIGN DEBUG] Campaign uses 1 templates
INFO 2025-09-25 03:44:28,763 views 70884 140710836983360 [CAMPAIGN DEBUG] Progress: 0/3 = 0.0%
INFO 2025-09-25 03:46:52,096 views 70884 140710836983360 [CAMPAIGN DEBUG] Starting campaign creation for tenant: pukul.com
INFO 2025-09-25 03:46:52,097 views 70884 140710836983360 [CAMPAIGN DEBUG] Showing campaign creation form
INFO 2025-09-25 03:46:52,100 views 70884 140710836983360 [CAMPAIGN DEBUG] Prerequisites - Templates: 1, Audiences: 1, Instances: 1
INFO 2025-09-25 03:47:23,511 views 70884 140710836983360 [CAMPAIGN DEBUG] Starting campaign creation for tenant: pukul.com
INFO 2025-09-25 03:47:23,517 views 70884 140710836983360 [CAMPAIGN DEBUG] Creating campaign 'testing 12'
INFO 2025-09-25 03:47:23,517 views 70884 140710836983360 [CAMPAIGN DEBUG] Template: 🔧 Selamat Datang - Member Baru
INFO 2025-09-25 03:47:23,517 views 70884 140710836983360 [CAMPAIGN DEBUG] Audience: test audience data internal number use (3 numbers)
INFO 2025-09-25 03:47:23,517 views 70884 140710836983360 [CAMPAIGN DEBUG] WhatsApp Instance: pukul.com_unclejohn2 (601113191967)
INFO 2025-09-25 03:47:23,517 views 70884 140710836983360 [CAMPAIGN DEBUG] Start immediately: True
INFO 2025-09-25 03:47:23,522 views 70884 140710836983360 [CAMPAIGN DEBUG] Campaign saved with ID: 2
INFO 2025-09-25 03:47:23,530 views 70884 140710836983360 [CAMPAIGN DEBUG] CampaignMessage relation created
INFO 2025-09-25 03:47:23,530 views 70884 140710836983360 [CAMPAIGN DEBUG] Generating targets from audience...
INFO 2025-09-25 03:47:23,530 views 70884 140710836983360 [CAMPAIGN DEBUG] Audience has 3 total numbers
INFO 2025-09-25 03:47:23,530 views 70884 140710836983360 [CAMPAIGN DEBUG] Audience has 3 valid numbers
INFO 2025-09-25 03:47:23,545 views 70884 140710836983360 [CAMPAIGN DEBUG] Created 3 targets
INFO 2025-09-25 03:47:23,545 views 70884 140710836983360 [CAMPAIGN DEBUG] Final campaign status: running
INFO 2025-09-25 03:47:23,546 views 70884 140710836983360 [CAMPAIGN DEBUG] Targets in database: 3
INFO 2025-09-25 03:47:23,547 views 70884 140710836983360 [CAMPAIGN DEBUG] Targets with status 'queued': 3
INFO 2025-09-25 03:47:23,547 views 70884 140710836983360 [CAMPAIGN DEBUG] Targets with status 'scheduled': 0
INFO 2025-09-25 03:47:23,548 views 70884 140710836983360 [CAMPAIGN DEBUG] Targets with status 'sending': 0
INFO 2025-09-25 03:47:23,549 views 70884 140710836983360 [CAMPAIGN DEBUG] Targets with status 'sent': 0
INFO 2025-09-25 03:47:23,549 views 70884 140710836983360 [CAMPAIGN DEBUG] Targets with status 'delivered': 0
INFO 2025-09-25 03:47:23,550 views 70884 140710836983360 [CAMPAIGN DEBUG] Targets with status 'failed': 0
INFO 2025-09-25 03:47:23,550 views 70884 140710836983360 [CAMPAIGN DEBUG] Targets with status 'skipped': 0
INFO 2025-09-25 03:47:23,551 views 70884 140710836983360 [CAMPAIGN DEBUG] Targets with status 'excluded': 0
INFO 2025-09-25 03:47:23,571 views 70884 140710836983360 [CAMPAIGN DEBUG] Viewing campaign 2 'testing 12' - Status: running
INFO 2025-09-25 03:47:23,572 views 70884 140710836983360 [CAMPAIGN DEBUG] Total targets in view: 3
INFO 2025-09-25 03:47:23,573 views 70884 140710836983360 [CAMPAIGN DEBUG] Status 'queued': 3 targets
INFO 2025-09-25 03:47:23,577 views 70884 140710836983360 [CAMPAIGN DEBUG] Campaign uses 1 templates
INFO 2025-09-25 03:47:23,577 views 70884 140710836983360 [CAMPAIGN DEBUG] Progress: 0/3 = 0.0%
INFO 2025-09-25 03:51:32,656 views 70884 140710836983360 [CAMPAIGN DEBUG] Viewing campaign 2 'testing 12' - Status: running
INFO 2025-09-25 03:51:32,658 views 70884 140710836983360 [CAMPAIGN DEBUG] Total targets in view: 3
INFO 2025-09-25 03:51:32,659 views 70884 140710836983360 [CAMPAIGN DEBUG] Status 'queued': 3 targets
INFO 2025-09-25 03:51:32,664 views 70884 140710836983360 [CAMPAIGN DEBUG] Campaign uses 1 templates
INFO 2025-09-25 03:51:32,664 views 70884 140710836983360 [CAMPAIGN DEBUG] Progress: 0/3 = 0.0%
INFO 2025-09-25 03:51:43,497 views 70884 140710836983360 [CAMPAIGN DEBUG] Viewing campaign 2 'testing 12' - Status: running
INFO 2025-09-25 03:51:43,498 views 70884 140710836983360 [CAMPAIGN DEBUG] Total targets in view: 3
INFO 2025-09-25 03:51:43,499 views 70884 140710836983360 [CAMPAIGN DEBUG] Status 'queued': 3 targets
INFO 2025-09-25 03:51:43,504 views 70884 140710836983360 [CAMPAIGN DEBUG] Campaign uses 1 templates
INFO 2025-09-25 03:51:43,504 views 70884 140710836983360 [CAMPAIGN DEBUG] Progress: 0/3 = 0.0%
INFO 2025-09-25 05:21:58,011 tasks 93527 140058203607040 [CELERY] Starting message processing for campaign 2
ERROR 2025-09-25 05:21:58,025 tasks 93527 140058203607040 [CELERY] Campaign 2 not found
INFO 2025-09-25 05:32:26,090 tasks 96223 140582328700928 [CELERY] Starting message processing for campaign 2, tenant_db: crm_db_pukul_com
INFO 2025-09-25 05:32:26,103 tasks 96223 140582328700928 [CELERY] Processing 3 targets for campaign 2
INFO 2025-09-25 05:32:26,138 tasks 96223 140582328700928 [CELERY] Processed target 4, next delay: 0 minutes
INFO 2025-09-25 05:32:26,140 tasks 96223 140582328700928 [CELERY] Processed target 5, next delay: 1 minutes
INFO 2025-09-25 05:32:26,141 tasks 96223 140582328700928 [CELERY] Processed target 6, next delay: 1 minutes
INFO 2025-09-25 05:32:26,144 tasks 96223 140582328700928 [CELERY] Scheduled next batch for campaign 2 in 1 hour
INFO 2025-09-25 05:37:10,207 views 96100 140396914771520 [CAMPAIGN DEBUG] Viewing campaign 1 'testing campaigne' - Status: running
INFO 2025-09-25 05:37:10,208 views 96100 140396914771520 [CAMPAIGN DEBUG] Total targets in view: 3
INFO 2025-09-25 05:37:10,209 views 96100 140396914771520 [CAMPAIGN DEBUG] Status 'queued': 3 targets
INFO 2025-09-25 05:37:10,214 views 96100 140396914771520 [CAMPAIGN DEBUG] Campaign uses 1 templates
INFO 2025-09-25 05:37:10,214 views 96100 140396914771520 [CAMPAIGN DEBUG] Progress: 0/3 = 0.0%
INFO 2025-09-25 05:37:14,163 views 96100 140396914771520 [CAMPAIGN DEBUG] Viewing campaign 2 'testing 12' - Status: running
INFO 2025-09-25 05:37:14,164 views 96100 140396914771520 [CAMPAIGN DEBUG] Total targets in view: 3
INFO 2025-09-25 05:37:14,165 views 96100 140396914771520 [CAMPAIGN DEBUG] Status 'queued': 3 targets
INFO 2025-09-25 05:37:14,169 views 96100 140396914771520 [CAMPAIGN DEBUG] Campaign uses 1 templates
INFO 2025-09-25 05:37:14,169 views 96100 140396914771520 [CAMPAIGN DEBUG] Progress: 0/3 = 0.0%
INFO 2025-09-25 05:43:54,127 tasks 98070 140118054379520 [CELERY] Starting message processing for campaign 2, tenant_db: crm_db_pukul_com
INFO 2025-09-25 05:43:54,138 tasks 98070 140118054379520 [CELERY] Processing 3 targets for campaign 2
INFO 2025-09-25 05:43:54,142 tasks 98070 140118054379520 [CELERY] Processed target 4, next delay: 0 minutes
INFO 2025-09-25 05:43:54,143 tasks 98070 140118054379520 [CELERY] Processed target 5, next delay: 1 minutes
INFO 2025-09-25 05:43:54,144 tasks 98070 140118054379520 [CELERY] Processed target 6, next delay: 1 minutes
INFO 2025-09-25 05:43:54,146 tasks 98070 140118054379520 [CELERY] Scheduled next batch for campaign 2 in 1 hour
INFO 2025-09-25 05:46:36,824 views 99717 139807843755584 [CAMPAIGN] Creating 'testing 3' for pukul.com
INFO 2025-09-25 05:46:36,856 views 99717 139807843755584 [CAMPAIGN] Created 3 targets for campaign 3
ERROR 2025-09-25 05:46:36,856 views 99717 139807843755584 [CAMPAIGN] Error creating campaign: 'Tenant' object has no attribute 'domain'
INFO 2025-09-25 05:59:56,616 views 3954 139927047726656 [CAMPAIGN] Creating 'testing again' for pukul.com
INFO 2025-09-25 05:59:56,644 views 3954 139927047726656 [CAMPAIGN] Created 3 targets for campaign 4
INFO 2025-09-25 05:59:56,644 views 3954 139927047726656 [CAMPAIGN] Auto-starting campaign 4 with tenant_db: crm_db_pukul_com
INFO 2025-09-25 05:59:56,685 views 3954 139927047726656 [CAMPAIGN] Task scheduled: e12d340f-e345-4aec-8dda-76c7ba23f7b7
INFO 2025-09-25 05:59:56,709 views 3954 139927047726656 [CAMPAIGN DEBUG] Viewing campaign 4 'testing again' - Status: running
INFO 2025-09-25 05:59:56,710 views 3954 139927047726656 [CAMPAIGN DEBUG] Total targets in view: 3
INFO 2025-09-25 05:59:56,712 views 3954 139927047726656 [CAMPAIGN DEBUG] Status 'queued': 3 targets
INFO 2025-09-25 05:59:56,716 views 3954 139927047726656 [CAMPAIGN DEBUG] Campaign uses 1 templates
INFO 2025-09-25 05:59:56,717 views 3954 139927047726656 [CAMPAIGN DEBUG] Progress: 0/3 = 0.0%
INFO 2025-09-25 06:00:04,677 views 3954 139927047726656 [CAMPAIGN DEBUG] Viewing campaign 4 'testing again' - Status: running
INFO 2025-09-25 06:00:04,678 views 3954 139927047726656 [CAMPAIGN DEBUG] Total targets in view: 3
INFO 2025-09-25 06:00:04,679 views 3954 139927047726656 [CAMPAIGN DEBUG] Status 'queued': 3 targets
INFO 2025-09-25 06:00:04,684 views 3954 139927047726656 [CAMPAIGN DEBUG] Campaign uses 1 templates
INFO 2025-09-25 06:00:04,684 views 3954 139927047726656 [CAMPAIGN DEBUG] Progress: 0/3 = 0.0%
INFO 2025-09-25 06:00:11,399 views 3954 139927047726656 [CAMPAIGN DEBUG] Viewing campaign 4 'testing again' - Status: running
INFO 2025-09-25 06:00:11,400 views 3954 139927047726656 [CAMPAIGN DEBUG] Total targets in view: 3
INFO 2025-09-25 06:00:11,401 views 3954 139927047726656 [CAMPAIGN DEBUG] Status 'queued': 3 targets
INFO 2025-09-25 06:00:11,405 views 3954 139927047726656 [CAMPAIGN DEBUG] Campaign uses 1 templates
INFO 2025-09-25 06:00:11,405 views 3954 139927047726656 [CAMPAIGN DEBUG] Progress: 0/3 = 0.0%
INFO 2025-09-25 06:01:47,735 views 3954 139927047726656 [CAMPAIGN DEBUG] Viewing campaign 1 'testing campaigne' - Status: running
INFO 2025-09-25 06:01:47,736 views 3954 139927047726656 [CAMPAIGN DEBUG] Total targets in view: 3
INFO 2025-09-25 06:01:47,737 views 3954 139927047726656 [CAMPAIGN DEBUG] Status 'queued': 3 targets
INFO 2025-09-25 06:01:47,741 views 3954 139927047726656 [CAMPAIGN DEBUG] Campaign uses 1 templates
INFO 2025-09-25 06:01:47,741 views 3954 139927047726656 [CAMPAIGN DEBUG] Progress: 0/3 = 0.0%
INFO 2025-09-25 06:04:42,913 tasks 98070 140118054379520 [CELERY] Starting message processing for campaign 4, tenant_db: crm_db_pukul_com
INFO 2025-09-25 06:04:42,923 tasks 98070 140118054379520 [CELERY] Processing 3 targets for campaign 4
INFO 2025-09-25 06:04:42,926 tasks 98070 140118054379520 [CELERY] Processed target 10, next delay: 0 minutes
INFO 2025-09-25 06:04:42,927 tasks 98070 140118054379520 [CELERY] Processed target 11, next delay: 0 minutes
INFO 2025-09-25 06:04:42,929 tasks 98070 140118054379520 [CELERY] Processed target 12, next delay: 1 minutes
INFO 2025-09-25 06:04:42,931 tasks 98070 140118054379520 [CELERY] Scheduled next batch for campaign 4 in 1 hour
ERROR 2025-09-25 06:08:29,253 views 3954 139927047726656 [CAMPAIGN] Form validation failed: <ul class="errorlist"><li>__all__<ul class="errorlist nonfield"><li>Minimum delay must be less than maximum delay</li><li>Min delay must be less than max delay</li></ul></li></ul>
INFO 2025-09-25 06:09:01,537 views 3954 139927047726656 [CAMPAIGN] Creating 'testing4' for pukul.com
INFO 2025-09-25 06:09:01,564 views 3954 139927047726656 [CAMPAIGN] Created 3 targets for campaign 5
INFO 2025-09-25 06:09:01,564 views 3954 139927047726656 [CAMPAIGN] Auto-starting campaign 5 with tenant_db: crm_db_pukul_com
INFO 2025-09-25 06:09:01,569 views 3954 139927047726656 [CAMPAIGN] Task scheduled: 5bbb807f-2d16-46af-96e7-dcf00aaa194f
INFO 2025-09-25 06:09:01,570 tasks 6470 140488916656128 [CELERY] Starting message processing for campaign 5, tenant_db: crm_db_pukul_com
INFO 2025-09-25 06:09:01,583 tasks 6470 140488916656128 [CELERY] Processing 3 targets for campaign 5
INFO 2025-09-25 06:09:01,589 views 3954 139927047726656 [CAMPAIGN DEBUG] Viewing campaign 5 'testing4' - Status: running
INFO 2025-09-25 06:09:01,590 views 3954 139927047726656 [CAMPAIGN DEBUG] Total targets in view: 3
INFO 2025-09-25 06:09:01,591 views 3954 139927047726656 [CAMPAIGN DEBUG] Status 'queued': 3 targets
INFO 2025-09-25 06:09:01,591 tasks 6470 140488916656128 [CELERY] Processed target 13, next delay: 2 minutes
INFO 2025-09-25 06:09:01,593 tasks 6470 140488916656128 [CELERY] Processed target 14, next delay: 1 minutes
INFO 2025-09-25 06:09:01,594 tasks 6470 140488916656128 [CELERY] Processed target 15, next delay: 2 minutes
INFO 2025-09-25 06:09:01,596 views 3954 139927047726656 [CAMPAIGN DEBUG] Campaign uses 1 templates
INFO 2025-09-25 06:09:01,596 views 3954 139927047726656 [CAMPAIGN DEBUG] Progress: 0/3 = 0.0%
INFO 2025-09-25 06:09:01,596 tasks 6470 140488916656128 [CELERY] Scheduled next batch for campaign 5 in 1 hour
INFO 2025-09-25 06:09:01,599 tasks 6470 140488916656128 [CELERY] Sending message to target 14, tenant_db: crm_db_pukul_com
ERROR 2025-09-25 06:09:01,613 tasks 6470 140488916656128 [CELERY] Error sending message to target 14: Campaign matching query does not exist.
INFO 2025-09-25 06:09:01,625 tasks 6470 140488916656128 [CELERY] Sending message to target 15, tenant_db: crm_db_pukul_com
ERROR 2025-09-25 06:09:01,637 tasks 6470 140488916656128 [CELERY] Error sending message to target 15: Campaign matching query does not exist.
INFO 2025-09-25 06:09:13,756 views 3954 139927047726656 [CAMPAIGN DEBUG] Viewing campaign 5 'testing4' - Status: running
INFO 2025-09-25 06:09:13,757 views 3954 139927047726656 [CAMPAIGN DEBUG] Total targets in view: 3
INFO 2025-09-25 06:09:13,758 views 3954 139927047726656 [CAMPAIGN DEBUG] Status 'queued': 1 targets
INFO 2025-09-25 06:09:13,761 views 3954 139927047726656 [CAMPAIGN DEBUG] Status 'failed': 2 targets
INFO 2025-09-25 06:09:13,763 views 3954 139927047726656 [CAMPAIGN DEBUG] Campaign uses 1 templates
INFO 2025-09-25 06:09:13,763 views 3954 139927047726656 [CAMPAIGN DEBUG] Progress: 0/3 = 0.0%
INFO 2025-09-25 06:09:59,528 tasks 6470 140488916656128 [CELERY] Sending message to target 14, tenant_db: crm_db_pukul_com
ERROR 2025-09-25 06:09:59,542 tasks 6470 140488916656128 [CELERY] Error sending message to target 14: Campaign matching query does not exist.
INFO 2025-09-25 06:10:57,446 tasks 6470 140488916656128 [CELERY] Sending message to target 14, tenant_db: crm_db_pukul_com
ERROR 2025-09-25 06:10:57,460 tasks 6470 140488916656128 [CELERY] Error sending message to target 14: Campaign matching query does not exist.
INFO 2025-09-25 06:10:57,496 tasks 6470 140488916656128 [CELERY] Sending message to target 14, tenant_db: crm_db_pukul_com
ERROR 2025-09-25 06:10:57,510 tasks 6470 140488916656128 [CELERY] Error sending message to target 14: Campaign matching query does not exist.
INFO 2025-09-25 06:11:55,388 tasks 6470 140488916656128 [CELERY] Sending message to target 14, tenant_db: crm_db_pukul_com
ERROR 2025-09-25 06:11:55,406 tasks 6470 140488916656128 [CELERY] Error sending message to target 14: Campaign matching query does not exist.
INFO 2025-09-25 06:25:46,272 views 3954 139927047726656 [CAMPAIGN DEBUG] Viewing campaign 5 'testing4' - Status: running
INFO 2025-09-25 06:25:46,273 views 3954 139927047726656 [CAMPAIGN DEBUG] Total targets in view: 3
INFO 2025-09-25 06:25:46,274 views 3954 139927047726656 [CAMPAIGN DEBUG] Status 'queued': 1 targets
INFO 2025-09-25 06:25:46,277 views 3954 139927047726656 [CAMPAIGN DEBUG] Status 'failed': 2 targets
INFO 2025-09-25 06:25:46,279 views 3954 139927047726656 [CAMPAIGN DEBUG] Campaign uses 1 templates
INFO 2025-09-25 06:25:46,279 views 3954 139927047726656 [CAMPAIGN DEBUG] Progress: 0/3 = 0.0%
INFO 2025-09-25 06:26:11,245 views 3954 139927047726656 [CAMPAIGN] Creating 'zzz' for pukul.com
INFO 2025-09-25 06:26:11,269 views 3954 139927047726656 [CAMPAIGN] Created 3 targets for campaign 6
INFO 2025-09-25 06:26:11,269 views 3954 139927047726656 [CAMPAIGN] Auto-starting campaign 6 with tenant_db: crm_db_pukul_com
INFO 2025-09-25 06:26:11,274 views 3954 139927047726656 [CAMPAIGN] Task scheduled: 0fb6e415-4150-48c8-a2fb-cd97a153dfeb
INFO 2025-09-25 06:26:11,296 views 3954 139927047726656 [CAMPAIGN DEBUG] Viewing campaign 6 'zzz' - Status: running
INFO 2025-09-25 06:26:11,297 views 3954 139927047726656 [CAMPAIGN DEBUG] Total targets in view: 3
INFO 2025-09-25 06:26:11,298 views 3954 139927047726656 [CAMPAIGN DEBUG] Status 'queued': 3 targets
INFO 2025-09-25 06:26:11,302 views 3954 139927047726656 [CAMPAIGN DEBUG] Campaign uses 1 templates
INFO 2025-09-25 06:26:11,302 views 3954 139927047726656 [CAMPAIGN DEBUG] Progress: 0/3 = 0.0%
INFO 2025-09-25 07:06:41,325 tasks 6470 140488916656128 [CELERY] Starting message processing for campaign 5, tenant_db: crm_db_pukul_com
ERROR 2025-09-25 07:06:41,352 tasks 6470 140488916656128 [CELERY] Campaign 5 not found
INFO 2025-09-25 07:27:03,747 views 24186 140256663504448 [CAMPAIGN] Creating 'testing1' for pukul.com
INFO 2025-09-25 07:27:03,780 views 24186 140256663504448 [CAMPAIGN] Created 3 targets for campaign 7
INFO 2025-09-25 07:27:03,780 views 24186 140256663504448 [CAMPAIGN] Auto-starting campaign 7 with tenant_db: crm_db_pukul_com
INFO 2025-09-25 07:27:03,829 views 24186 140256663504448 [CAMPAIGN] Task scheduled: 951bd6d6-c4f4-4bc8-8de4-16693e135493
INFO 2025-09-25 07:27:03,831 tasks 6470 140488916656128 [CELERY] Starting message processing for campaign 7, tenant_db: crm_db_pukul_com
INFO 2025-09-25 07:27:03,848 tasks 6470 140488916656128 [CELERY] Processing 3 targets for campaign 7
INFO 2025-09-25 07:27:03,851 views 24186 140256663504448 [CAMPAIGN DEBUG] Viewing campaign 7 'testing1' - Status: running
INFO 2025-09-25 07:27:03,852 views 24186 140256663504448 [CAMPAIGN DEBUG] Total targets in view: 3
INFO 2025-09-25 07:27:03,853 views 24186 140256663504448 [CAMPAIGN DEBUG] Status 'queued': 3 targets
INFO 2025-09-25 07:27:03,858 views 24186 140256663504448 [CAMPAIGN DEBUG] Campaign uses 1 templates
INFO 2025-09-25 07:27:03,858 views 24186 140256663504448 [CAMPAIGN DEBUG] Progress: 0/3 = 0.0%
INFO 2025-09-25 07:27:03,863 tasks 6470 140488916656128 [CELERY] Processed target 19, next delay: 1 minutes
INFO 2025-09-25 07:27:03,864 tasks 24257 140617962209280 [CELERY] Sending message to target 19, tenant_db: crm_db_pukul_com
INFO 2025-09-25 07:27:03,866 tasks 6470 140488916656128 [CELERY] Processed target 20, next delay: 0 minutes
INFO 2025-09-25 07:27:03,868 tasks 6470 140488916656128 [CELERY] Processed target 21, next delay: 0 minutes
INFO 2025-09-25 07:27:03,870 tasks 6470 140488916656128 [CELERY] Scheduled next batch for campaign 7 in 1 hour
INFO 2025-09-25 07:27:03,873 tasks 6470 140488916656128 [CELERY] Sending message to target 20, tenant_db: crm_db_pukul_com
ERROR 2025-09-25 07:27:03,887 tasks 6470 140488916656128 [CELERY] Error sending message to target 20: Campaign matching query does not exist.
ERROR 2025-09-25 07:27:03,887 tasks 24257 140617962209280 [CELERY] Error sending message to target 19: Campaign matching query does not exist.
INFO 2025-09-25 07:27:03,907 tasks 24257 140617962209280 [CELERY] Sending message to target 21, tenant_db: crm_db_pukul_com
INFO 2025-09-25 07:27:03,907 tasks 6470 140488916656128 [CELERY] Sending message to target 21, tenant_db: crm_db_pukul_com
ERROR 2025-09-25 07:27:03,921 tasks 24257 140617962209280 [CELERY] Error sending message to target 21: Campaign matching query does not exist.
ERROR 2025-09-25 07:27:03,929 tasks 6470 140488916656128 [CELERY] Error sending message to target 21: Campaign matching query does not exist.
INFO 2025-09-25 07:28:01,128 tasks 6470 140488916656128 [CELERY] Sending message to target 20, tenant_db: crm_db_pukul_com
ERROR 2025-09-25 07:28:01,141 tasks 6470 140488916656128 [CELERY] Error sending message to target 20: Campaign matching query does not exist.
INFO 2025-09-25 07:28:01,165 tasks 24257 140617962209280 [CELERY] Sending message to target 21, tenant_db: crm_db_pukul_com
INFO 2025-09-25 07:28:01,166 tasks 6470 140488916656128 [CELERY] Sending message to target 21, tenant_db: crm_db_pukul_com
ERROR 2025-09-25 07:28:01,177 tasks 24257 140617962209280 [CELERY] Error sending message to target 21: Campaign matching query does not exist.
ERROR 2025-09-25 07:28:01,184 tasks 6470 140488916656128 [CELERY] Error sending message to target 21: Campaign matching query does not exist.
INFO 2025-09-25 07:28:27,313 views 24186 140256663504448 [CAMPAIGN DEBUG] Viewing campaign 7 'testing1' - Status: running
INFO 2025-09-25 07:28:27,314 views 24186 140256663504448 [CAMPAIGN DEBUG] Total targets in view: 3
INFO 2025-09-25 07:28:27,318 views 24186 140256663504448 [CAMPAIGN DEBUG] Status 'failed': 3 targets
INFO 2025-09-25 07:28:27,320 views 24186 140256663504448 [CAMPAIGN DEBUG] Campaign uses 1 templates
INFO 2025-09-25 07:28:27,320 views 24186 140256663504448 [CAMPAIGN DEBUG] Progress: 0/3 = 0.0%
INFO 2025-09-25 07:28:58,369 tasks 6470 140488916656128 [CELERY] Sending message to target 20, tenant_db: crm_db_pukul_com
ERROR 2025-09-25 07:28:58,383 tasks 6470 140488916656128 [CELERY] Error sending message to target 20: Campaign matching query does not exist.
INFO 2025-09-25 07:28:58,409 tasks 24257 140617962209280 [CELERY] Sending message to target 21, tenant_db: crm_db_pukul_com
ERROR 2025-09-25 07:28:58,422 tasks 24257 140617962209280 [CELERY] Error sending message to target 21: Campaign matching query does not exist.
INFO 2025-09-25 07:29:55,554 tasks 6470 140488916656128 [CELERY] Sending message to target 20, tenant_db: crm_db_pukul_com
ERROR 2025-09-25 07:29:55,566 tasks 6470 140488916656128 [CELERY] Error sending message to target 20: Campaign matching query does not exist.
INFO 2025-09-25 07:29:55,594 tasks 24257 140617962209280 [CELERY] Sending message to target 21, tenant_db: crm_db_pukul_com
ERROR 2025-09-25 07:29:55,607 tasks 24257 140617962209280 [CELERY] Error sending message to target 21: Campaign matching query does not exist.
ERROR 2025-09-25 07:36:15,535 views 26700 140516784465472 [CAMPAIGN] Form validation failed: <ul class="errorlist"><li>__all__<ul class="errorlist nonfield"><li>Start date must be in the future</li></ul></li></ul>
INFO 2025-09-25 07:36:53,056 views 26700 140516784465472 [CAMPAIGN] Creating 'testing2' for pukul.com
INFO 2025-09-25 07:36:53,082 views 26700 140516784465472 [CAMPAIGN] Created 3 targets for campaign 8
INFO 2025-09-25 07:36:53,082 views 26700 140516784465472 [CAMPAIGN] Auto-starting campaign 8 with tenant_db: crm_db_pukul_com
INFO 2025-09-25 07:36:53,119 views 26700 140516784465472 [CAMPAIGN] Task scheduled: b8c4186f-24cb-487b-ae54-53aac6f48087
INFO 2025-09-25 07:36:53,121 tasks 6470 140488916656128 [CELERY] Starting message processing for campaign 8, tenant_db: crm_db_pukul_com
INFO 2025-09-25 07:36:53,130 tasks 6470 140488916656128 [CELERY] Processing 3 targets for campaign 8
INFO 2025-09-25 07:36:53,133 tasks 6470 140488916656128 [CELERY] Processed target 22, next delay: 1 minutes
INFO 2025-09-25 07:36:53,134 tasks 6470 140488916656128 [CELERY] Processed target 23, next delay: 0 minutes
INFO 2025-09-25 07:36:53,136 tasks 6470 140488916656128 [CELERY] Processed target 24, next delay: 0 minutes
INFO 2025-09-25 07:36:53,138 tasks 6470 140488916656128 [CELERY] Scheduled next batch for campaign 8 in 1 hour
INFO 2025-09-25 07:36:53,139 tasks 6470 140488916656128 [CELERY] Sending message to target 23, tenant_db: crm_db_pukul_com
INFO 2025-09-25 07:36:53,141 views 26700 140516784465472 [CAMPAIGN DEBUG] Viewing campaign 8 'testing2' - Status: running
INFO 2025-09-25 07:36:53,142 views 26700 140516784465472 [CAMPAIGN DEBUG] Total targets in view: 3
INFO 2025-09-25 07:36:53,143 views 26700 140516784465472 [CAMPAIGN DEBUG] Status 'queued': 3 targets
INFO 2025-09-25 07:36:53,149 views 26700 140516784465472 [CAMPAIGN DEBUG] Campaign uses 1 templates
INFO 2025-09-25 07:36:53,149 views 26700 140516784465472 [CAMPAIGN DEBUG] Progress: 0/3 = 0.0%
ERROR 2025-09-25 07:36:53,153 tasks 6470 140488916656128 [CELERY] Error sending message to target 23: Campaign matching query does not exist.
INFO 2025-09-25 07:36:53,162 tasks 6470 140488916656128 [CELERY] Sending message to target 24, tenant_db: crm_db_pukul_com
ERROR 2025-09-25 07:36:53,175 tasks 6470 140488916656128 [CELERY] Error sending message to target 24: Campaign matching query does not exist.
INFO 2025-09-25 07:37:50,293 tasks 26858 139796906561536 [CELERY] Sending message to target 23, tenant_db: crm_db_pukul_com
WARNING 2025-09-25 07:37:50,306 tasks 26858 139796906561536 [CELERY] Target 23 status is failed, skipping
INFO 2025-09-25 07:37:50,336 tasks 6470 140488916656128 [CELERY] Sending message to target 24, tenant_db: crm_db_pukul_com
ERROR 2025-09-25 07:37:50,349 tasks 6470 140488916656128 [CELERY] Error sending message to target 24: Campaign matching query does not exist.
INFO 2025-09-25 07:53:42,167 tasks 32188 140046791155712 [CELERY] Starting message processing for campaign 7, tenant_db: crm_db_pukul_com
INFO 2025-09-25 07:53:42,181 tasks 32188 140046791155712 [CELERY] Processing 3 targets for campaign 7
INFO 2025-09-25 07:53:42,190 tasks 32188 140046791155712 [CELERY] Processed target 20, next delay: 0 minutes
INFO 2025-09-25 07:53:42,191 tasks 32188 140046791155712 [CELERY] Processed target 21, next delay: 1 minutes
INFO 2025-09-25 07:53:42,193 tasks 32188 140046791155712 [CELERY] Processed target 19, next delay: 1 minutes
INFO 2025-09-25 07:53:42,194 tasks 32188 140046791155712 [CELERY] Scheduled next batch for campaign 7 in 1 hour
INFO 2025-09-25 07:53:42,196 tasks 32188 140046791155712 [CELERY] Sending message to target 20, tenant_db: crm_db_pukul_com
ERROR 2025-09-25 07:53:42,216 tasks 32188 140046791155712 [CELERY] Error sending message to target 20: MessageTemplate matching query does not exist.
INFO 2025-09-25 07:53:42,225 tasks 32188 140046791155712 [CELERY] Sending message to target 21, tenant_db: crm_db_pukul_com
ERROR 2025-09-25 07:53:42,241 tasks 32188 140046791155712 [CELERY] Error sending message to target 21: MessageTemplate matching query does not exist.
INFO 2025-09-25 07:53:42,248 tasks 32188 140046791155712 [CELERY] Sending message to target 21, tenant_db: crm_db_pukul_com
WARNING 2025-09-25 07:53:42,256 tasks 32188 140046791155712 [CELERY] Target 21 status is failed, skipping
INFO 2025-09-25 07:53:42,259 tasks 32188 140046791155712 [CELERY] Sending message to target 19, tenant_db: crm_db_pukul_com
ERROR 2025-09-25 07:53:42,274 tasks 32188 140046791155712 [CELERY] Error sending message to target 19: MessageTemplate matching query does not exist.
INFO 2025-09-25 07:54:39,168 tasks 32188 140046791155712 [CELERY] Sending message to target 19, tenant_db: crm_db_pukul_com
WARNING 2025-09-25 07:54:39,176 tasks 32188 140046791155712 [CELERY] Target 19 status is failed, skipping
INFO 2025-09-25 07:54:39,196 tasks 32188 140046791155712 [CELERY] Sending message to target 20, tenant_db: crm_db_pukul_com
WARNING 2025-09-25 07:54:39,204 tasks 32188 140046791155712 [CELERY] Target 20 status is failed, skipping
INFO 2025-09-25 07:54:39,219 tasks 32188 140046791155712 [CELERY] Sending message to target 21, tenant_db: crm_db_pukul_com
WARNING 2025-09-25 07:54:39,227 tasks 32188 140046791155712 [CELERY] Target 21 status is failed, skipping
INFO 2025-09-25 07:54:39,253 tasks 32188 140046791155712 [CELERY] Sending message to target 19, tenant_db: crm_db_pukul_com
WARNING 2025-09-25 07:54:39,264 tasks 32188 140046791155712 [CELERY] Target 19 status is failed, skipping
INFO 2025-09-25 07:59:54,324 tasks 34033 140217144946688 [CELERY] Starting message processing for campaign 7, tenant_db: crm_db_pukul_com
INFO 2025-09-25 07:59:54,338 tasks 34033 140217144946688 [CELERY] Processing 3 targets for campaign 7
INFO 2025-09-25 07:59:54,348 tasks 34033 140217144946688 [CELERY] Processed target 20, next delay: 0 minutes
INFO 2025-09-25 07:59:54,349 tasks 34033 140217144946688 [CELERY] Processed target 21, next delay: 1 minutes
INFO 2025-09-25 07:59:54,351 tasks 34033 140217144946688 [CELERY] Processed target 19, next delay: 1 minutes
INFO 2025-09-25 07:59:54,352 tasks 34033 140217144946688 [CELERY] Scheduled next batch for campaign 7 in 1 hour
INFO 2025-09-25 07:59:54,355 tasks 34033 140217144946688 [CELERY] Sending message to target 20, tenant_db: crm_db_pukul_com
ERROR 2025-09-25 07:59:54,370 tasks 34033 140217144946688 [CELERY] Error sending message to target 20: relation "wa_whatsappinstance" does not exist
LINE 1: ... "wa_whatsappinstance"."profile_picture_url" FROM "wa_whatsa...
                                                             ^

INFO 2025-09-25 07:59:54,387 tasks 34033 140217144946688 [CELERY] Sending message to target 21, tenant_db: crm_db_pukul_com
ERROR 2025-09-25 07:59:54,397 tasks 34033 140217144946688 [CELERY] Error sending message to target 21: relation "wa_whatsappinstance" does not exist
LINE 1: ... "wa_whatsappinstance"."profile_picture_url" FROM "wa_whatsa...
                                                             ^

INFO 2025-09-25 07:59:54,405 tasks 34033 140217144946688 [CELERY] Sending message to target 21, tenant_db: crm_db_pukul_com
WARNING 2025-09-25 07:59:54,412 tasks 34033 140217144946688 [CELERY] Target 21 status is failed, skipping
INFO 2025-09-25 07:59:54,414 tasks 34033 140217144946688 [CELERY] Sending message to target 19, tenant_db: crm_db_pukul_com
ERROR 2025-09-25 07:59:54,425 tasks 34033 140217144946688 [CELERY] Error sending message to target 19: relation "wa_whatsappinstance" does not exist
LINE 1: ... "wa_whatsappinstance"."profile_picture_url" FROM "wa_whatsa...
                                                             ^

INFO 2025-09-25 08:00:51,255 tasks 34033 140217144946688 [CELERY] Sending message to target 19, tenant_db: crm_db_pukul_com
WARNING 2025-09-25 08:00:51,263 tasks 34033 140217144946688 [CELERY] Target 19 status is failed, skipping
INFO 2025-09-25 08:00:51,276 tasks 34033 140217144946688 [CELERY] Sending message to target 20, tenant_db: crm_db_pukul_com
WARNING 2025-09-25 08:00:51,283 tasks 34033 140217144946688 [CELERY] Target 20 status is failed, skipping
INFO 2025-09-25 08:00:51,303 tasks 34033 140217144946688 [CELERY] Sending message to target 21, tenant_db: crm_db_pukul_com
WARNING 2025-09-25 08:00:51,311 tasks 34033 140217144946688 [CELERY] Target 21 status is failed, skipping
INFO 2025-09-25 08:00:51,332 tasks 34033 140217144946688 [CELERY] Sending message to target 19, tenant_db: crm_db_pukul_com
WARNING 2025-09-25 08:00:51,344 tasks 34033 140217144946688 [CELERY] Target 19 status is failed, skipping
INFO 2025-09-25 09:36:15,931 views 57954 140024691123776 [CAMPAIGN] Creating 'testubg3' for pukul.com
INFO 2025-09-25 09:36:15,966 views 57954 140024691123776 [CAMPAIGN] Created 3 targets for campaign 9
INFO 2025-09-25 09:36:15,966 views 57954 140024691123776 [CAMPAIGN] Auto-starting campaign 9 with tenant_db: crm_db_pukul_com
ERROR 2025-09-25 09:36:15,974 views 57954 140024691123776 [CAMPAIGN] Failed to start task: process_campaign_messages() got an unexpected keyword argument 'tenant_db'
INFO 2025-09-25 09:36:15,998 views 57954 140024691123776 [CAMPAIGN DEBUG] Viewing campaign 9 'testubg3' - Status: running
INFO 2025-09-25 09:36:15,999 views 57954 140024691123776 [CAMPAIGN DEBUG] Total targets in view: 3
INFO 2025-09-25 09:36:16,000 views 57954 140024691123776 [CAMPAIGN DEBUG] Status 'queued': 3 targets
INFO 2025-09-25 09:36:16,006 views 57954 140024691123776 [CAMPAIGN DEBUG] Campaign uses 1 templates
INFO 2025-09-25 09:36:16,006 views 57954 140024691123776 [CAMPAIGN DEBUG] Progress: 0/3 = 0.0%
INFO 2025-09-25 09:36:23,032 views 57954 140024691123776 [CAMPAIGN DEBUG] Viewing campaign 9 'testubg3' - Status: running
INFO 2025-09-25 09:36:23,033 views 57954 140024691123776 [CAMPAIGN DEBUG] Total targets in view: 3
INFO 2025-09-25 09:36:23,034 views 57954 140024691123776 [CAMPAIGN DEBUG] Status 'queued': 3 targets
INFO 2025-09-25 09:36:23,039 views 57954 140024691123776 [CAMPAIGN DEBUG] Campaign uses 1 templates
INFO 2025-09-25 09:36:23,039 views 57954 140024691123776 [CAMPAIGN DEBUG] Progress: 0/3 = 0.0%
INFO 2025-09-25 12:51:28,676 views 96753 139912176821824 [CAMPAIGN] Creating 'testingnew1' for pukul.com
INFO 2025-09-25 12:51:28,711 views 96753 139912176821824 [CAMPAIGN] Created 3 targets for campaign 10
INFO 2025-09-25 12:51:28,711 views 96753 139912176821824 [CAMPAIGN] Auto-starting campaign 10
INFO 2025-09-25 12:51:28,765 views 96753 139912176821824 [CAMPAIGN] Task scheduled: bf239f24-ec82-40a1-bf6b-4e067586f0dc
INFO 2025-09-25 12:51:28,768 tasks 96841 139798512066560 [CELERY] Starting message processing for campaign 10
ERROR 2025-09-25 12:51:28,783 tasks 96841 139798512066560 [CELERY] Campaign 10 not found
INFO 2025-09-25 12:51:28,789 views 96753 139912176821824 [CAMPAIGN DEBUG] Viewing campaign 10 'testingnew1' - Status: running
INFO 2025-09-25 12:51:28,790 views 96753 139912176821824 [CAMPAIGN DEBUG] Total targets in view: 3
INFO 2025-09-25 12:51:28,791 views 96753 139912176821824 [CAMPAIGN DEBUG] Status 'queued': 3 targets
INFO 2025-09-25 12:51:28,797 views 96753 139912176821824 [CAMPAIGN DEBUG] Campaign uses 1 templates
INFO 2025-09-25 12:51:28,797 views 96753 139912176821824 [CAMPAIGN DEBUG] Progress: 0/3 = 0.0%
INFO 2025-09-25 12:57:29,797 views 98825 140306277377600 [CAMPAIGN] Creating 'testnew2' for pukul.com
INFO 2025-09-25 12:57:29,828 views 98825 140306277377600 [CAMPAIGN] Created 3 targets for campaign 11
INFO 2025-09-25 12:57:29,828 views 98825 140306277377600 [CAMPAIGN] Auto-starting campaign 11
INFO 2025-09-25 12:57:29,877 views 98825 140306277377600 [CAMPAIGN] Task scheduled: e7296c79-861f-47e3-8488-95a7412b26a7
INFO 2025-09-25 12:57:29,879 tasks 96841 139798512066560 [CELERY] Starting message processing for campaign 11
ERROR 2025-09-25 12:57:29,887 tasks 96841 139798512066560 [CELERY] Campaign 11 not found
INFO 2025-09-25 12:57:29,900 views 98825 140306277377600 [CAMPAIGN DEBUG] Viewing campaign 11 'testnew2' - Status: running
INFO 2025-09-25 12:57:29,901 views 98825 140306277377600 [CAMPAIGN DEBUG] Total targets in view: 3
INFO 2025-09-25 12:57:29,902 views 98825 140306277377600 [CAMPAIGN DEBUG] Status 'queued': 3 targets
INFO 2025-09-25 12:57:29,907 views 98825 140306277377600 [CAMPAIGN DEBUG] Campaign uses 1 templates
INFO 2025-09-25 12:57:29,907 views 98825 140306277377600 [CAMPAIGN DEBUG] Progress: 0/3 = 0.0%
INFO 2025-09-25 12:58:43,438 views 99403 140184146548288 [CAMPAIGN] Creating 'newtest3' for pukul.com
INFO 2025-09-25 12:58:43,466 views 99403 140184146548288 [CAMPAIGN] Created 3 targets for campaign 12
INFO 2025-09-25 12:58:43,466 views 99403 140184146548288 [CAMPAIGN] Auto-starting campaign 12
INFO 2025-09-25 12:58:43,508 views 99403 140184146548288 [CAMPAIGN] Task scheduled: 84bc88f8-34a0-4b77-9d76-eb8312208c7f
INFO 2025-09-25 12:58:43,510 tasks 99506 139701382664192 [CELERY] Starting message processing for campaign 12
INFO 2025-09-25 12:58:43,523 tasks 99506 139701382664192 [CELERY] Auto-detected tenant context: crm_db_pukul_com for campaign 12
INFO 2025-09-25 12:58:43,527 tasks 99506 139701382664192 [CELERY] Processing 3 targets for campaign 12
INFO 2025-09-25 12:58:43,531 views 99403 140184146548288 [CAMPAIGN DEBUG] Viewing campaign 12 'newtest3' - Status: running
INFO 2025-09-25 12:58:43,532 views 99403 140184146548288 [CAMPAIGN DEBUG] Total targets in view: 3
INFO 2025-09-25 12:58:43,533 views 99403 140184146548288 [CAMPAIGN DEBUG] Status 'queued': 3 targets
INFO 2025-09-25 12:58:43,537 tasks 99506 139701382664192 [CELERY] Processed target 34, next delay: 1 minutes
INFO 2025-09-25 12:58:43,538 views 99403 140184146548288 [CAMPAIGN DEBUG] Campaign uses 1 templates
INFO 2025-09-25 12:58:43,538 views 99403 140184146548288 [CAMPAIGN DEBUG] Progress: 0/3 = 0.0%
INFO 2025-09-25 12:58:43,539 tasks 99506 139701382664192 [CELERY] Processed target 35, next delay: 0 minutes
INFO 2025-09-25 12:58:43,541 tasks 99506 139701382664192 [CELERY] Processed target 36, next delay: 1 minutes
INFO 2025-09-25 12:58:43,542 tasks 99506 139701382664192 [CELERY] Scheduled next batch for campaign 12 in 1 hour
INFO 2025-09-25 12:58:43,546 tasks 99506 139701382664192 [CELERY] Sending message to target 34
INFO 2025-09-25 12:58:43,552 tasks 99506 139701382664192 [CELERY] Auto-detected tenant context: crm_db_pukul_com for target 34
ERROR 2025-09-25 12:58:43,559 tasks 99506 139701382664192 [CELERY] Error sending message to target 34: select_for_update cannot be used outside of a transaction.
INFO 2025-09-25 12:58:43,569 tasks 99506 139701382664192 [CELERY] Sending message to target 35
INFO 2025-09-25 12:58:43,577 tasks 99506 139701382664192 [CELERY] Auto-detected tenant context: crm_db_pukul_com for target 35
ERROR 2025-09-25 12:58:43,583 tasks 99506 139701382664192 [CELERY] Error sending message to target 35: select_for_update cannot be used outside of a transaction.
INFO 2025-09-25 12:58:43,592 tasks 99506 139701382664192 [CELERY] Sending message to target 36
INFO 2025-09-25 12:58:43,599 tasks 99506 139701382664192 [CELERY] Auto-detected tenant context: crm_db_pukul_com for target 36
ERROR 2025-09-25 12:58:43,605 tasks 99506 139701382664192 [CELERY] Error sending message to target 36: select_for_update cannot be used outside of a transaction.
INFO 2025-09-25 12:58:43,613 tasks 99506 139701382664192 [CELERY] Sending message to target 36
INFO 2025-09-25 12:58:43,620 tasks 99506 139701382664192 [CELERY] Auto-detected tenant context: crm_db_pukul_com for target 36
ERROR 2025-09-25 12:58:43,627 tasks 99506 139701382664192 [CELERY] Error sending message to target 36: select_for_update cannot be used outside of a transaction.
INFO 2025-09-25 12:59:38,560 tasks 99506 139701382664192 [CELERY] Sending message to target 35
INFO 2025-09-25 12:59:38,567 tasks 99506 139701382664192 [CELERY] Auto-detected tenant context: crm_db_pukul_com for target 35
ERROR 2025-09-25 12:59:38,573 tasks 99506 139701382664192 [CELERY] Error sending message to target 35: select_for_update cannot be used outside of a transaction.
INFO 2025-09-25 12:59:38,582 tasks 99506 139701382664192 [CELERY] Sending message to target 34
INFO 2025-09-25 12:59:38,590 tasks 99506 139701382664192 [CELERY] Auto-detected tenant context: crm_db_pukul_com for target 34
ERROR 2025-09-25 12:59:38,596 tasks 99506 139701382664192 [CELERY] Error sending message to target 34: select_for_update cannot be used outside of a transaction.
INFO 2025-09-25 12:59:38,608 tasks 99506 139701382664192 [CELERY] Sending message to target 35
INFO 2025-09-25 12:59:38,615 tasks 99506 139701382664192 [CELERY] Auto-detected tenant context: crm_db_pukul_com for target 35
ERROR 2025-09-25 12:59:38,620 tasks 99506 139701382664192 [CELERY] Error sending message to target 35: select_for_update cannot be used outside of a transaction.
INFO 2025-09-25 12:59:38,629 tasks 99506 139701382664192 [CELERY] Sending message to target 36
INFO 2025-09-25 12:59:38,635 tasks 99506 139701382664192 [CELERY] Auto-detected tenant context: crm_db_pukul_com for target 36
ERROR 2025-09-25 12:59:38,641 tasks 99506 139701382664192 [CELERY] Error sending message to target 36: select_for_update cannot be used outside of a transaction.
INFO 2025-09-25 12:59:38,651 tasks 99506 139701382664192 [CELERY] Sending message to target 36
INFO 2025-09-25 12:59:38,658 tasks 99506 139701382664192 [CELERY] Auto-detected tenant context: crm_db_pukul_com for target 36
ERROR 2025-09-25 12:59:38,664 tasks 99506 139701382664192 [CELERY] Error sending message to target 36: select_for_update cannot be used outside of a transaction.
INFO 2025-09-25 13:00:33,532 tasks 99506 139701382664192 [CELERY] Sending message to target 35
INFO 2025-09-25 13:00:33,540 tasks 99506 139701382664192 [CELERY] Auto-detected tenant context: crm_db_pukul_com for target 35
ERROR 2025-09-25 13:00:33,546 tasks 99506 139701382664192 [CELERY] Error sending message to target 35: select_for_update cannot be used outside of a transaction.
INFO 2025-09-25 13:00:33,553 tasks 99506 139701382664192 [CELERY] Sending message to target 34
INFO 2025-09-25 13:00:33,560 tasks 99506 139701382664192 [CELERY] Auto-detected tenant context: crm_db_pukul_com for target 34
ERROR 2025-09-25 13:00:33,566 tasks 99506 139701382664192 [CELERY] Error sending message to target 34: select_for_update cannot be used outside of a transaction.
INFO 2025-09-25 13:00:33,579 tasks 99506 139701382664192 [CELERY] Sending message to target 35
INFO 2025-09-25 13:00:33,586 tasks 99506 139701382664192 [CELERY] Auto-detected tenant context: crm_db_pukul_com for target 35
ERROR 2025-09-25 13:00:33,592 tasks 99506 139701382664192 [CELERY] Error sending message to target 35: select_for_update cannot be used outside of a transaction.
INFO 2025-09-25 13:00:33,599 tasks 99506 139701382664192 [CELERY] Sending message to target 36
INFO 2025-09-25 13:00:33,606 tasks 99506 139701382664192 [CELERY] Auto-detected tenant context: crm_db_pukul_com for target 36
ERROR 2025-09-25 13:00:33,612 tasks 99506 139701382664192 [CELERY] Error sending message to target 36: select_for_update cannot be used outside of a transaction.
INFO 2025-09-25 13:00:33,622 tasks 99506 139701382664192 [CELERY] Sending message to target 36
INFO 2025-09-25 13:00:33,629 tasks 99506 139701382664192 [CELERY] Auto-detected tenant context: crm_db_pukul_com for target 36
ERROR 2025-09-25 13:00:33,634 tasks 99506 139701382664192 [CELERY] Error sending message to target 36: select_for_update cannot be used outside of a transaction.
INFO 2025-09-25 13:01:28,525 tasks 99506 139701382664192 [CELERY] Sending message to target 35
INFO 2025-09-25 13:01:28,533 tasks 99506 139701382664192 [CELERY] Auto-detected tenant context: crm_db_pukul_com for target 35
ERROR 2025-09-25 13:01:28,539 tasks 99506 139701382664192 [CELERY] Error sending message to target 35: select_for_update cannot be used outside of a transaction.
INFO 2025-09-25 13:01:28,546 tasks 99506 139701382664192 [CELERY] Sending message to target 34
INFO 2025-09-25 13:01:28,553 tasks 99506 139701382664192 [CELERY] Auto-detected tenant context: crm_db_pukul_com for target 34
ERROR 2025-09-25 13:01:28,559 tasks 99506 139701382664192 [CELERY] Error sending message to target 34: select_for_update cannot be used outside of a transaction.
INFO 2025-09-25 13:01:28,568 tasks 99506 139701382664192 [CELERY] Sending message to target 35
INFO 2025-09-25 13:01:28,574 tasks 99506 139701382664192 [CELERY] Auto-detected tenant context: crm_db_pukul_com for target 35
ERROR 2025-09-25 13:01:28,581 tasks 99506 139701382664192 [CELERY] Error sending message to target 35: select_for_update cannot be used outside of a transaction.
INFO 2025-09-25 13:01:28,589 tasks 99506 139701382664192 [CELERY] Sending message to target 36
INFO 2025-09-25 13:01:28,596 tasks 99506 139701382664192 [CELERY] Auto-detected tenant context: crm_db_pukul_com for target 36
ERROR 2025-09-25 13:01:28,602 tasks 99506 139701382664192 [CELERY] Error sending message to target 36: select_for_update cannot be used outside of a transaction.
INFO 2025-09-25 13:01:28,610 tasks 99506 139701382664192 [CELERY] Sending message to target 36
INFO 2025-09-25 13:01:28,616 tasks 99506 139701382664192 [CELERY] Auto-detected tenant context: crm_db_pukul_com for target 36
ERROR 2025-09-25 13:01:28,621 tasks 99506 139701382664192 [CELERY] Error sending message to target 36: select_for_update cannot be used outside of a transaction.
INFO 2025-09-25 13:02:23,513 tasks 99506 139701382664192 [CELERY] Sending message to target 35
INFO 2025-09-25 13:02:23,520 tasks 99506 139701382664192 [CELERY] Auto-detected tenant context: crm_db_pukul_com for target 35
ERROR 2025-09-25 13:02:23,526 tasks 99506 139701382664192 [CELERY] Error sending message to target 35: select_for_update cannot be used outside of a transaction.
INFO 2025-09-25 13:09:37,151 views 2470 140046437541440 [CAMPAIGN DEBUG] Viewing campaign 12 'newtest3' - Status: running
INFO 2025-09-25 13:09:37,152 views 2470 140046437541440 [CAMPAIGN DEBUG] Total targets in view: 3
INFO 2025-09-25 13:09:37,157 views 2470 140046437541440 [CAMPAIGN DEBUG] Status 'failed': 3 targets
INFO 2025-09-25 13:09:37,159 views 2470 140046437541440 [CAMPAIGN DEBUG] Campaign uses 1 templates
INFO 2025-09-25 13:09:37,159 views 2470 140046437541440 [CAMPAIGN DEBUG] Progress: 0/3 = 0.0%
INFO 2025-09-25 13:10:12,602 views 2470 140046437541440 [CAMPAIGN DEBUG] Attempting to pause campaign 7 'testing1'
INFO 2025-09-25 13:10:12,602 views 2470 140046437541440 [CAMPAIGN DEBUG] Current status: running
INFO 2025-09-25 13:10:12,609 views 2470 140046437541440 [CAMPAIGN DEBUG] Status changed: running -> paused
WARNING 2025-09-25 13:10:12,609 views 2470 140046437541440 [CAMPAIGN DEBUG] Campaign paused but NO CELERY TASK PAUSING IMPLEMENTED YET!
INFO 2025-09-25 13:10:12,636 views 2470 140046437541440 [CAMPAIGN DEBUG] Viewing campaign 7 'testing1' - Status: paused
INFO 2025-09-25 13:10:12,638 views 2470 140046437541440 [CAMPAIGN DEBUG] Total targets in view: 3
INFO 2025-09-25 13:10:12,641 views 2470 140046437541440 [CAMPAIGN DEBUG] Status 'failed': 3 targets
INFO 2025-09-25 13:10:12,644 views 2470 140046437541440 [CAMPAIGN DEBUG] Campaign uses 1 templates
INFO 2025-09-25 13:10:12,644 views 2470 140046437541440 [CAMPAIGN DEBUG] Progress: 0/3 = 0.0%
INFO 2025-09-25 13:10:20,367 views 2470 140046437541440 [CAMPAIGN DEBUG] Viewing campaign 7 'testing1' - Status: paused
INFO 2025-09-25 13:10:20,368 views 2470 140046437541440 [CAMPAIGN DEBUG] Total targets in view: 3
INFO 2025-09-25 13:10:20,372 views 2470 140046437541440 [CAMPAIGN DEBUG] Status 'failed': 3 targets
INFO 2025-09-25 13:10:20,374 views 2470 140046437541440 [CAMPAIGN DEBUG] Campaign uses 1 templates
INFO 2025-09-25 13:10:20,374 views 2470 140046437541440 [CAMPAIGN DEBUG] Progress: 0/3 = 0.0%
INFO 2025-09-25 13:10:28,275 views 2470 140046437541440 [CAMPAIGN DEBUG] Viewing campaign 7 'testing1' - Status: paused
INFO 2025-09-25 13:10:28,276 views 2470 140046437541440 [CAMPAIGN DEBUG] Total targets in view: 3
INFO 2025-09-25 13:10:28,281 views 2470 140046437541440 [CAMPAIGN DEBUG] Status 'failed': 3 targets
INFO 2025-09-25 13:10:28,283 views 2470 140046437541440 [CAMPAIGN DEBUG] Campaign uses 1 templates
INFO 2025-09-25 13:10:28,283 views 2470 140046437541440 [CAMPAIGN DEBUG] Progress: 0/3 = 0.0%
INFO 2025-09-25 13:10:31,687 views 2470 140046437541440 [CAMPAIGN DEBUG] Viewing campaign 7 'testing1' - Status: paused
INFO 2025-09-25 13:10:31,688 views 2470 140046437541440 [CAMPAIGN DEBUG] Total targets in view: 3
INFO 2025-09-25 13:10:31,692 views 2470 140046437541440 [CAMPAIGN DEBUG] Status 'failed': 3 targets
INFO 2025-09-25 13:10:31,694 views 2470 140046437541440 [CAMPAIGN DEBUG] Campaign uses 1 templates
INFO 2025-09-25 13:10:31,694 views 2470 140046437541440 [CAMPAIGN DEBUG] Progress: 0/3 = 0.0%
INFO 2025-09-25 13:10:37,579 views 2470 140046437541440 [CAMPAIGN DEBUG] Attempting to pause campaign 8 'testing2'
INFO 2025-09-25 13:10:37,579 views 2470 140046437541440 [CAMPAIGN DEBUG] Current status: running
INFO 2025-09-25 13:10:37,584 views 2470 140046437541440 [CAMPAIGN DEBUG] Status changed: running -> paused
WARNING 2025-09-25 13:10:37,584 views 2470 140046437541440 [CAMPAIGN DEBUG] Campaign paused but NO CELERY TASK PAUSING IMPLEMENTED YET!
INFO 2025-09-25 13:10:37,605 views 2470 140046437541440 [CAMPAIGN DEBUG] Viewing campaign 8 'testing2' - Status: paused
INFO 2025-09-25 13:10:37,607 views 2470 140046437541440 [CAMPAIGN DEBUG] Total targets in view: 3
INFO 2025-09-25 13:10:37,607 views 2470 140046437541440 [CAMPAIGN DEBUG] Status 'queued': 1 targets
INFO 2025-09-25 13:10:37,610 views 2470 140046437541440 [CAMPAIGN DEBUG] Status 'failed': 2 targets
INFO 2025-09-25 13:10:37,612 views 2470 140046437541440 [CAMPAIGN DEBUG] Campaign uses 1 templates
INFO 2025-09-25 13:10:37,613 views 2470 140046437541440 [CAMPAIGN DEBUG] Progress: 0/3 = 0.0%
INFO 2025-09-25 13:10:46,276 views 2470 140046437541440 [CAMPAIGN DEBUG] Viewing campaign 8 'testing2' - Status: paused
INFO 2025-09-25 13:10:46,277 views 2470 140046437541440 [CAMPAIGN DEBUG] Total targets in view: 3
INFO 2025-09-25 13:10:46,278 views 2470 140046437541440 [CAMPAIGN DEBUG] Status 'queued': 1 targets
INFO 2025-09-25 13:10:46,282 views 2470 140046437541440 [CAMPAIGN DEBUG] Status 'failed': 2 targets
INFO 2025-09-25 13:10:46,284 views 2470 140046437541440 [CAMPAIGN DEBUG] Campaign uses 1 templates
INFO 2025-09-25 13:10:46,284 views 2470 140046437541440 [CAMPAIGN DEBUG] Progress: 0/3 = 0.0%
INFO 2025-09-25 13:10:49,162 views 2470 140046437541440 [CAMPAIGN DEBUG] Viewing campaign 8 'testing2' - Status: paused
INFO 2025-09-25 13:10:49,163 views 2470 140046437541440 [CAMPAIGN DEBUG] Total targets in view: 3
INFO 2025-09-25 13:10:49,164 views 2470 140046437541440 [CAMPAIGN DEBUG] Status 'queued': 1 targets
INFO 2025-09-25 13:10:49,167 views 2470 140046437541440 [CAMPAIGN DEBUG] Status 'failed': 2 targets
INFO 2025-09-25 13:10:49,169 views 2470 140046437541440 [CAMPAIGN DEBUG] Campaign uses 1 templates
INFO 2025-09-25 13:10:49,169 views 2470 140046437541440 [CAMPAIGN DEBUG] Progress: 0/3 = 0.0%
INFO 2025-09-25 13:11:30,015 views 2470 140046437541440 [CAMPAIGN] Creating 'testing4' for pukul.com
INFO 2025-09-25 13:11:30,040 views 2470 140046437541440 [CAMPAIGN] Created 3 targets for campaign 13
INFO 2025-09-25 13:11:30,040 views 2470 140046437541440 [CAMPAIGN] Auto-starting campaign 13
INFO 2025-09-25 13:11:30,092 views 2470 140046437541440 [CAMPAIGN] Task scheduled: 1ef21b8d-e51d-46f5-a0cb-617f10fb6213
INFO 2025-09-25 13:11:30,094 tasks 2851 140285363015680 [CELERY] Starting message processing for campaign 13
INFO 2025-09-25 13:11:30,107 tasks 2851 140285363015680 [CELERY] Auto-detected tenant context: crm_db_pukul_com for campaign 13
INFO 2025-09-25 13:11:30,112 tasks 2851 140285363015680 [CELERY] Processing 3 targets for campaign 13
INFO 2025-09-25 13:11:30,117 views 2470 140046437541440 [CAMPAIGN DEBUG] Viewing campaign 13 'testing4' - Status: running
INFO 2025-09-25 13:11:30,118 views 2470 140046437541440 [CAMPAIGN DEBUG] Total targets in view: 3
INFO 2025-09-25 13:11:30,119 views 2470 140046437541440 [CAMPAIGN DEBUG] Status 'queued': 3 targets
INFO 2025-09-25 13:11:30,120 tasks 2851 140285363015680 [CELERY] Processed target 37, next delay: 0 minutes
INFO 2025-09-25 13:11:30,122 tasks 2851 140285363015680 [CELERY] Processed target 38, next delay: 1 minutes
INFO 2025-09-25 13:11:30,123 tasks 2851 140285363015680 [CELERY] Processed target 39, next delay: 1 minutes
INFO 2025-09-25 13:11:30,125 views 2470 140046437541440 [CAMPAIGN DEBUG] Campaign uses 1 templates
INFO 2025-09-25 13:11:30,125 views 2470 140046437541440 [CAMPAIGN DEBUG] Progress: 0/3 = 0.0%
INFO 2025-09-25 13:11:30,125 tasks 2851 140285363015680 [CELERY] Scheduled next batch for campaign 13 in 1 hour
INFO 2025-09-25 13:11:30,128 tasks 2851 140285363015680 [CELERY] Sending message to target 37
INFO 2025-09-25 13:11:30,136 tasks 2851 140285363015680 [CELERY] Auto-detected tenant context: crm_db_pukul_com for target 37
INFO 2025-09-25 13:11:29,641 tasks 2851 140285363015680 [CELERY] Successfully sent message to +60175777208
INFO 2025-09-25 13:11:29,644 tasks 2851 140285363015680 [CELERY] Sending message to target 38
INFO 2025-09-25 13:11:29,651 tasks 2851 140285363015680 [CELERY] Auto-detected tenant context: crm_db_pukul_com for target 38
INFO 2025-09-25 13:11:30,638 tasks 2851 140285363015680 [CELERY] Successfully sent message to +601113191967
INFO 2025-09-25 13:11:30,641 tasks 2851 140285363015680 [CELERY] Sending message to target 38
INFO 2025-09-25 13:11:30,648 tasks 2851 140285363015680 [CELERY] Auto-detected tenant context: crm_db_pukul_com for target 38
WARNING 2025-09-25 13:11:30,654 tasks 2851 140285363015680 [CELERY] Target 38 status is sent, skipping
INFO 2025-09-25 13:11:30,656 tasks 2851 140285363015680 [CELERY] Sending message to target 39
INFO 2025-09-25 13:11:30,662 tasks 2851 140285363015680 [CELERY] Auto-detected tenant context: crm_db_pukul_com for target 39
INFO 2025-09-25 13:11:31,884 tasks 2851 140285363015680 [CELERY] Successfully sent message to +601113191736
INFO 2025-09-25 13:12:25,046 tasks 2851 140285363015680 [CELERY] Sending message to target 39
INFO 2025-09-25 13:12:25,054 tasks 2851 140285363015680 [CELERY] Auto-detected tenant context: crm_db_pukul_com for target 39
WARNING 2025-09-25 13:12:25,062 tasks 2851 140285363015680 [CELERY] Target 39 status is sent, skipping
INFO 2025-09-25 13:14:20,850 views 2470 140046429148736 [CAMPAIGN DEBUG] Viewing campaign 12 'newtest3' - Status: running
INFO 2025-09-25 13:14:20,851 views 2470 140046429148736 [CAMPAIGN DEBUG] Total targets in view: 3
INFO 2025-09-25 13:14:20,855 views 2470 140046429148736 [CAMPAIGN DEBUG] Status 'failed': 3 targets
INFO 2025-09-25 13:14:20,857 views 2470 140046429148736 [CAMPAIGN DEBUG] Campaign uses 1 templates
INFO 2025-09-25 13:14:20,857 views 2470 140046429148736 [CAMPAIGN DEBUG] Progress: 0/3 = 0.0%
INFO 2025-09-25 13:14:30,135 views 2470 140046429148736 [CAMPAIGN DEBUG] Viewing campaign 12 'newtest3' - Status: running
INFO 2025-09-25 13:14:30,136 views 2470 140046429148736 [CAMPAIGN DEBUG] Total targets in view: 3
INFO 2025-09-25 13:14:30,140 views 2470 140046429148736 [CAMPAIGN DEBUG] Status 'failed': 3 targets
INFO 2025-09-25 13:14:30,142 views 2470 140046429148736 [CAMPAIGN DEBUG] Campaign uses 1 templates
INFO 2025-09-25 13:14:30,142 views 2470 140046429148736 [CAMPAIGN DEBUG] Progress: 0/3 = 0.0%
INFO 2025-09-25 13:14:42,039 views 2470 140046429148736 [CAMPAIGN DEBUG] Attempting to pause campaign 12 'newtest3'
INFO 2025-09-25 13:14:42,039 views 2470 140046429148736 [CAMPAIGN DEBUG] Current status: running
INFO 2025-09-25 13:14:42,045 views 2470 140046429148736 [CAMPAIGN DEBUG] Status changed: running -> paused
WARNING 2025-09-25 13:14:42,045 views 2470 140046429148736 [CAMPAIGN DEBUG] Campaign paused but NO CELERY TASK PAUSING IMPLEMENTED YET!
INFO 2025-09-25 13:14:42,069 views 2470 140046429148736 [CAMPAIGN DEBUG] Viewing campaign 12 'newtest3' - Status: paused
INFO 2025-09-25 13:14:42,070 views 2470 140046429148736 [CAMPAIGN DEBUG] Total targets in view: 3
INFO 2025-09-25 13:14:42,074 views 2470 140046429148736 [CAMPAIGN DEBUG] Status 'failed': 3 targets
INFO 2025-09-25 13:14:42,076 views 2470 140046429148736 [CAMPAIGN DEBUG] Campaign uses 1 templates
INFO 2025-09-25 13:14:42,076 views 2470 140046429148736 [CAMPAIGN DEBUG] Progress: 0/3 = 0.0%
INFO 2025-09-25 13:14:49,454 views 2470 140046429148736 [CAMPAIGN DEBUG] Viewing campaign 12 'newtest3' - Status: paused
INFO 2025-09-25 13:14:49,456 views 2470 140046429148736 [CAMPAIGN DEBUG] Total targets in view: 3
INFO 2025-09-25 13:14:49,460 views 2470 140046429148736 [CAMPAIGN DEBUG] Status 'failed': 3 targets
INFO 2025-09-25 13:14:49,462 views 2470 140046429148736 [CAMPAIGN DEBUG] Campaign uses 1 templates
INFO 2025-09-25 13:14:49,462 views 2470 140046429148736 [CAMPAIGN DEBUG] Progress: 0/3 = 0.0%
INFO 2025-09-25 13:16:50,263 views 4931 139709488698944 [CAMPAIGN] Stopped running campaign 'testing4' before deletion
INFO 2025-09-25 13:16:55,976 views 4931 139709488698944 [CAMPAIGN] Stopped running campaign 'testnew2' before deletion
INFO 2025-09-25 13:16:57,263 views 4931 139709488698944 [CAMPAIGN DEBUG] Attempting to pause campaign 10 'testingnew1'
INFO 2025-09-25 13:16:57,263 views 4931 139709488698944 [CAMPAIGN DEBUG] Current status: running
INFO 2025-09-25 13:16:57,268 views 4931 139709488698944 [CAMPAIGN DEBUG] Status changed: running -> paused
WARNING 2025-09-25 13:16:57,269 views 4931 139709488698944 [CAMPAIGN DEBUG] Campaign paused but NO CELERY TASK PAUSING IMPLEMENTED YET!
INFO 2025-09-25 13:16:57,289 views 4931 139709488698944 [CAMPAIGN DEBUG] Viewing campaign 10 'testingnew1' - Status: paused
INFO 2025-09-25 13:16:57,291 views 4931 139709488698944 [CAMPAIGN DEBUG] Total targets in view: 3
INFO 2025-09-25 13:16:57,292 views 4931 139709488698944 [CAMPAIGN DEBUG] Status 'queued': 3 targets
INFO 2025-09-25 13:16:57,297 views 4931 139709488698944 [CAMPAIGN DEBUG] Campaign uses 1 templates
INFO 2025-09-25 13:16:57,297 views 4931 139709488698944 [CAMPAIGN DEBUG] Progress: 0/3 = 0.0%
INFO 2025-09-25 13:17:11,954 views 4931 139709488698944 [CAMPAIGN DEBUG] Attempting to pause campaign 9 'testubg3'
INFO 2025-09-25 13:17:11,955 views 4931 139709488698944 [CAMPAIGN DEBUG] Current status: running
INFO 2025-09-25 13:17:11,960 views 4931 139709488698944 [CAMPAIGN DEBUG] Status changed: running -> paused
WARNING 2025-09-25 13:17:11,961 views 4931 139709488698944 [CAMPAIGN DEBUG] Campaign paused but NO CELERY TASK PAUSING IMPLEMENTED YET!
INFO 2025-09-25 13:17:11,983 views 4931 139709488698944 [CAMPAIGN DEBUG] Viewing campaign 9 'testubg3' - Status: paused
INFO 2025-09-25 13:17:11,984 views 4931 139709488698944 [CAMPAIGN DEBUG] Total targets in view: 3
INFO 2025-09-25 13:17:11,986 views 4931 139709488698944 [CAMPAIGN DEBUG] Status 'queued': 3 targets
INFO 2025-09-25 13:17:11,991 views 4931 139709488698944 [CAMPAIGN DEBUG] Campaign uses 1 templates
INFO 2025-09-25 13:17:11,991 views 4931 139709488698944 [CAMPAIGN DEBUG] Progress: 0/3 = 0.0%
INFO 2025-09-25 13:21:10,880 views 6181 139862486459968 Starting campaign 9 'testubg3' - Status: paused
INFO 2025-09-25 13:21:10,882 views 6181 139862486459968 Campaign has 3 total targets, 3 queued
INFO 2025-09-25 13:21:10,888 views 6181 139862486459968 Campaign status: paused → running
INFO 2025-09-25 13:21:10,933 views 6181 139862486459968 Celery task started: 64fc9c9c-8e2a-48cf-83c7-47dce915c981
INFO 2025-09-25 13:21:10,936 tasks 2851 140285363015680 [CELERY] Starting message processing for campaign 9
INFO 2025-09-25 13:21:10,945 tasks 2851 140285363015680 [CELERY] Auto-detected tenant context: crm_db_pukul_com for campaign 9
INFO 2025-09-25 13:21:10,948 tasks 2851 140285363015680 [CELERY] Processing 3 targets for campaign 9
INFO 2025-09-25 13:21:10,952 tasks 2851 140285363015680 [CELERY] Processed target 25, next delay: 2 minutes
INFO 2025-09-25 13:21:10,954 tasks 2851 140285363015680 [CELERY] Processed target 26, next delay: 1 minutes
INFO 2025-09-25 13:21:10,956 tasks 2851 140285363015680 [CELERY] Processed target 27, next delay: 2 minutes
INFO 2025-09-25 13:21:10,956 views 6181 139862486459968 [CAMPAIGN DEBUG] Viewing campaign 9 'testubg3' - Status: running
INFO 2025-09-25 13:21:10,958 views 6181 139862486459968 [CAMPAIGN DEBUG] Total targets in view: 3
INFO 2025-09-25 13:21:10,958 tasks 2851 140285363015680 [CELERY] Scheduled next batch for campaign 9 in 1 hour
INFO 2025-09-25 13:21:10,959 views 6181 139862486459968 [CAMPAIGN DEBUG] Status 'queued': 3 targets
INFO 2025-09-25 13:21:10,961 tasks 2851 140285363015680 [CELERY] Sending message to target 25
INFO 2025-09-25 13:21:10,965 views 6181 139862486459968 [CAMPAIGN DEBUG] Campaign uses 1 templates
INFO 2025-09-25 13:21:10,966 views 6181 139862486459968 [CAMPAIGN DEBUG] Progress: 0/3 = 0.0%
INFO 2025-09-25 13:21:10,968 tasks 2851 140285363015680 [CELERY] Auto-detected tenant context: crm_db_pukul_com for target 25
INFO 2025-09-25 13:21:12,002 tasks 2851 140285363015680 [CELERY] Successfully sent message to +60175777208
INFO 2025-09-25 13:21:12,006 tasks 2851 140285363015680 [CELERY] Sending message to target 26
INFO 2025-09-25 13:21:12,014 tasks 2851 140285363015680 [CELERY] Auto-detected tenant context: crm_db_pukul_com for target 26
INFO 2025-09-25 13:21:12,998 tasks 2851 140285363015680 [CELERY] Successfully sent message to +601113191967
INFO 2025-09-25 13:21:13,002 tasks 2851 140285363015680 [CELERY] Sending message to target 27
INFO 2025-09-25 13:21:13,009 tasks 2851 140285363015680 [CELERY] Auto-detected tenant context: crm_db_pukul_com for target 27
INFO 2025-09-25 13:21:14,046 tasks 2851 140285363015680 [CELERY] Successfully sent message to +601113191736
INFO 2025-09-25 13:21:19,184 views 6181 139862486459968 [CAMPAIGN DEBUG] Attempting to pause campaign 9 'testubg3'
INFO 2025-09-25 13:21:19,184 views 6181 139862486459968 [CAMPAIGN DEBUG] Current status: running
INFO 2025-09-25 13:21:19,189 views 6181 139862486459968 [CAMPAIGN DEBUG] Status changed: running -> paused
WARNING 2025-09-25 13:21:19,189 views 6181 139862486459968 [CAMPAIGN DEBUG] Campaign paused but NO CELERY TASK PAUSING IMPLEMENTED YET!
INFO 2025-09-25 13:21:19,210 views 6181 139862486459968 [CAMPAIGN DEBUG] Viewing campaign 9 'testubg3' - Status: paused
INFO 2025-09-25 13:21:19,211 views 6181 139862486459968 [CAMPAIGN DEBUG] Total targets in view: 3
INFO 2025-09-25 13:21:19,215 views 6181 139862486459968 [CAMPAIGN DEBUG] Status 'sent': 3 targets
INFO 2025-09-25 13:21:19,218 views 6181 139862486459968 [CAMPAIGN DEBUG] Campaign uses 1 templates
INFO 2025-09-25 13:21:19,218 views 6181 139862486459968 [CAMPAIGN DEBUG] Progress: 3/3 = 100.0%
INFO 2025-09-25 13:21:22,278 views 6181 139862486459968 Starting campaign 9 'testubg3' - Status: paused
INFO 2025-09-25 13:21:22,280 views 6181 139862486459968 Campaign has 3 total targets, 0 queued
INFO 2025-09-25 13:21:22,285 views 6181 139862486459968 Campaign status: paused → running
INFO 2025-09-25 13:21:22,286 views 6181 139862486459968 Celery task started: 726af2e8-716b-4747-8d4d-a1cf2479c11b
INFO 2025-09-25 13:21:22,287 tasks 2851 140285363015680 [CELERY] Starting message processing for campaign 9
INFO 2025-09-25 13:21:22,296 tasks 2851 140285363015680 [CELERY] Auto-detected tenant context: crm_db_pukul_com for campaign 9
INFO 2025-09-25 13:21:22,299 tasks 2851 140285363015680 [CELERY] Processing 0 targets for campaign 9
INFO 2025-09-25 13:21:22,299 tasks 2851 140285363015680 [CELERY] No pending targets for campaign 9
INFO 2025-09-25 13:21:22,307 tasks 2851 140285363015680 [CELERY] Campaign 9 marked as completed
INFO 2025-09-25 13:21:22,310 views 6181 139862486459968 [CAMPAIGN DEBUG] Viewing campaign 9 'testubg3' - Status: completed
INFO 2025-09-25 13:21:22,312 views 6181 139862486459968 [CAMPAIGN DEBUG] Total targets in view: 3
INFO 2025-09-25 13:21:22,315 views 6181 139862486459968 [CAMPAIGN DEBUG] Status 'sent': 3 targets
INFO 2025-09-25 13:21:22,319 views 6181 139862486459968 [CAMPAIGN DEBUG] Campaign uses 1 templates
INFO 2025-09-25 13:21:22,319 views 6181 139862486459968 [CAMPAIGN DEBUG] Progress: 3/3 = 100.0%
INFO 2025-09-25 13:22:05,844 tasks 2851 140285363015680 [CELERY] Sending message to target 27
WARNING 2025-09-25 13:22:05,866 tasks 2851 140285363015680 [CELERY] Target 27 not found in any tenant database
ERROR 2025-09-25 13:22:05,873 tasks 2851 140285363015680 [CELERY] Target 27 not found
INFO 2025-09-25 13:22:18,315 views 6181 139862486459968 [CAMPAIGN] Creating 'tets1' for pukul.com
INFO 2025-09-25 13:22:18,342 views 6181 139862486459968 [CAMPAIGN] Created 3 targets for campaign 14
INFO 2025-09-25 13:22:18,342 views 6181 139862486459968 [CAMPAIGN] Auto-starting campaign 14
INFO 2025-09-25 13:22:18,344 views 6181 139862486459968 [CAMPAIGN] Task scheduled: 1a49f494-ea77-41dc-b02e-da876241242d
INFO 2025-09-25 13:22:18,345 tasks 2851 140285363015680 [CELERY] Starting message processing for campaign 14
INFO 2025-09-25 13:22:18,353 tasks 2851 140285363015680 [CELERY] Auto-detected tenant context: crm_db_pukul_com for campaign 14
INFO 2025-09-25 13:22:18,356 tasks 2851 140285363015680 [CELERY] Processing 3 targets for campaign 14
INFO 2025-09-25 13:22:18,359 tasks 2851 140285363015680 [CELERY] Processed target 40, next delay: 0 minutes
INFO 2025-09-25 13:22:18,361 tasks 2851 140285363015680 [CELERY] Processed target 41, next delay: 0 minutes
INFO 2025-09-25 13:22:18,363 tasks 2851 140285363015680 [CELERY] Processed target 42, next delay: 0 minutes
INFO 2025-09-25 13:22:18,364 tasks 2851 140285363015680 [CELERY] Scheduled next batch for campaign 14 in 1 hour
INFO 2025-09-25 13:22:18,366 tasks 2851 140285363015680 [CELERY] Sending message to target 40
INFO 2025-09-25 13:22:18,372 views 6181 139862486459968 [CAMPAIGN DEBUG] Viewing campaign 14 'tets1' - Status: running
INFO 2025-09-25 13:22:18,373 views 6181 139862486459968 [CAMPAIGN DEBUG] Total targets in view: 3
INFO 2025-09-25 13:22:18,374 tasks 2851 140285363015680 [CELERY] Auto-detected tenant context: crm_db_pukul_com for target 40
INFO 2025-09-25 13:22:18,374 views 6181 139862486459968 [CAMPAIGN DEBUG] Status 'queued': 3 targets
INFO 2025-09-25 13:22:18,379 views 6181 139862486459968 [CAMPAIGN DEBUG] Campaign uses 1 templates
INFO 2025-09-25 13:22:18,380 views 6181 139862486459968 [CAMPAIGN DEBUG] Progress: 0/3 = 0.0%
INFO 2025-09-25 13:22:19,378 tasks 2851 140285363015680 [CELERY] Successfully sent message to +60175777208
INFO 2025-09-25 13:22:19,382 tasks 2851 140285363015680 [CELERY] Sending message to target 41
INFO 2025-09-25 13:22:19,390 tasks 2851 140285363015680 [CELERY] Auto-detected tenant context: crm_db_pukul_com for target 41
INFO 2025-09-25 13:22:20,386 tasks 2851 140285363015680 [CELERY] Successfully sent message to +601113191967
INFO 2025-09-25 13:22:20,389 tasks 2851 140285363015680 [CELERY] Sending message to target 41
INFO 2025-09-25 13:22:20,396 tasks 2851 140285363015680 [CELERY] Auto-detected tenant context: crm_db_pukul_com for target 41
WARNING 2025-09-25 13:22:20,403 tasks 2851 140285363015680 [CELERY] Target 41 status is sent, skipping
INFO 2025-09-25 13:22:20,405 tasks 2851 140285363015680 [CELERY] Sending message to target 42
INFO 2025-09-25 13:22:20,412 tasks 2851 140285363015680 [CELERY] Auto-detected tenant context: crm_db_pukul_com for target 42
INFO 2025-09-25 13:22:21,444 tasks 2851 140285363015680 [CELERY] Successfully sent message to +601113191736
INFO 2025-09-25 13:22:21,447 tasks 2851 140285363015680 [CELERY] Sending message to target 42
INFO 2025-09-25 13:22:21,454 tasks 2851 140285363015680 [CELERY] Auto-detected tenant context: crm_db_pukul_com for target 42
WARNING 2025-09-25 13:22:21,460 tasks 2851 140285363015680 [CELERY] Target 42 status is sent, skipping
INFO 2025-09-25 13:22:24,912 views 6181 139862486459968 [CAMPAIGN DEBUG] Attempting to pause campaign 14 'tets1'
INFO 2025-09-25 13:22:24,912 views 6181 139862486459968 [CAMPAIGN DEBUG] Current status: running
INFO 2025-09-25 13:22:24,917 views 6181 139862486459968 [CAMPAIGN DEBUG] Status changed: running -> paused
WARNING 2025-09-25 13:22:24,917 views 6181 139862486459968 [CAMPAIGN DEBUG] Campaign paused but NO CELERY TASK PAUSING IMPLEMENTED YET!
INFO 2025-09-25 13:22:24,943 views 6181 139862486459968 [CAMPAIGN DEBUG] Viewing campaign 14 'tets1' - Status: paused
INFO 2025-09-25 13:22:24,944 views 6181 139862486459968 [CAMPAIGN DEBUG] Total targets in view: 3
INFO 2025-09-25 13:22:24,947 views 6181 139862486459968 [CAMPAIGN DEBUG] Status 'sent': 3 targets
INFO 2025-09-25 13:22:24,950 views 6181 139862486459968 [CAMPAIGN DEBUG] Campaign uses 1 templates
INFO 2025-09-25 13:22:24,950 views 6181 139862486459968 [CAMPAIGN DEBUG] Progress: 3/3 = 100.0%
INFO 2025-09-25 13:22:26,146 views 6181 139862486459968 Starting campaign 14 'tets1' - Status: paused
INFO 2025-09-25 13:22:26,149 views 6181 139862486459968 Campaign has 3 total targets, 0 queued
INFO 2025-09-25 13:22:26,155 views 6181 139862486459968 Campaign status: paused → running
INFO 2025-09-25 13:22:26,157 views 6181 139862486459968 Celery task started: b00e93f9-2c9b-4c09-b2d5-29371a11195b
INFO 2025-09-25 13:22:26,159 tasks 2851 140285363015680 [CELERY] Starting message processing for campaign 14
INFO 2025-09-25 13:22:26,167 tasks 2851 140285363015680 [CELERY] Auto-detected tenant context: crm_db_pukul_com for campaign 14
INFO 2025-09-25 13:22:26,170 tasks 2851 140285363015680 [CELERY] Processing 0 targets for campaign 14
INFO 2025-09-25 13:22:26,171 tasks 2851 140285363015680 [CELERY] No pending targets for campaign 14
INFO 2025-09-25 13:22:26,178 tasks 2851 140285363015680 [CELERY] Campaign 14 marked as completed
INFO 2025-09-25 13:22:26,183 views 6181 139862486459968 [CAMPAIGN DEBUG] Viewing campaign 14 'tets1' - Status: completed
INFO 2025-09-25 13:22:26,185 views 6181 139862486459968 [CAMPAIGN DEBUG] Total targets in view: 3
INFO 2025-09-25 13:22:26,188 views 6181 139862486459968 [CAMPAIGN DEBUG] Status 'sent': 3 targets
INFO 2025-09-25 13:22:26,191 views 6181 139862486459968 [CAMPAIGN DEBUG] Campaign uses 1 templates
INFO 2025-09-25 13:22:26,191 views 6181 139862486459968 [CAMPAIGN DEBUG] Progress: 3/3 = 100.0%
INFO 2025-09-25 13:23:00,769 tasks 2851 140285363015680 [CELERY] Sending message to target 26
WARNING 2025-09-25 13:23:00,782 tasks 2851 140285363015680 [CELERY] Target 26 not found in any tenant database
ERROR 2025-09-25 13:23:00,789 tasks 2851 140285363015680 [CELERY] Target 26 not found
INFO 2025-09-25 13:24:25,493 views 6181 139862486459968 [CAMPAIGN DEBUG] Viewing campaign 14 'tets1' - Status: completed
INFO 2025-09-25 13:24:25,495 views 6181 139862486459968 [CAMPAIGN DEBUG] Total targets in view: 3
INFO 2025-09-25 13:24:25,499 views 6181 139862486459968 [CAMPAIGN DEBUG] Status 'sent': 3 targets
INFO 2025-09-25 13:24:25,502 views 6181 139862486459968 [CAMPAIGN DEBUG] Campaign uses 1 templates
INFO 2025-09-25 13:24:25,503 views 6181 139862486459968 [CAMPAIGN DEBUG] Progress: 3/3 = 100.0%
